<?xml version="1.0" encoding="UTF-8"?>
<!-- Generated by org.testng.reporters.JUnitXMLReporter -->
<testsuite hostname="WKWIN7683238" ignored="0" name="Test" tests="4" failures="0" timestamp="11 Jul 2018 00:56:34 GMT" time="111.869" errors="0">
  <testcase name="verifyNewComputerAddedSuccessfully" time="4.272" classname="herokuapp.backbase.tests.HeroKuappTestCases"/>
  <testcase name="verifySearch" time="1.147" classname="herokuapp.backbase.tests.HeroKuappTestCases"/>
  <testcase name="verifyComputerDetailsUpdatedSuccessFully" time="19.255" classname="herokuapp.backbase.tests.HeroKuappTestCases"/>
  <testcase name="verifyComputerDeletedSuccessfully" time="16.816" classname="herokuapp.backbase.tests.HeroKuappTestCases"/>
</testsuite> <!-- Test -->
